<users>
  <user>
   <Id>2</Name>
   <Name>John Doe</Name>
   </user>
  <user>
   <Id>2</Name>
   <Name>John Doe</Name>
   </user>

</users>